<?xml version="1.0" encoding="UTF-8"?>
<!-- Generated by org.testng.reporters.JUnitXMLReporter -->
<testsuite ignored="0" hostname="Pragti" failures="0" tests="3" name="Default test" time="7.018" errors="0" timestamp="2024-10-12T12:32:14 IST">
  <testcase classname="alwayspracticehere.Gettt33est" name="fTest" time="4.904"/>
  <testcase classname="alwayspracticehere.Gettt33est" name="fcfTest" time="0.813"/>
  <testcase classname="alwayspracticehere.Gettt33est" name="ffffffTest" time="0.944"/>
</testsuite> <!-- Default test -->
