<?xml version="1.0" encoding="UTF-8"?>
<testng-results ignored="0" total="1" passed="1" failed="0" skipped="0">
  <reporter-output>
  </reporter-output>
  <suite started-at="2024-08-30T12:06:34 IST" name="Default suite" finished-at="2024-08-30T12:06:38 IST" duration-ms="4469">
    <groups>
    </groups>
    <test started-at="2024-08-30T12:06:34 IST" name="Default test" finished-at="2024-08-30T12:06:38 IST" duration-ms="4469">
      <class name="dccv.postssssTest">
        <test-method signature="fTest()[pri:0, instance:dccv.postssssTest@c94fd30]" started-at="2024-08-30T12:06:34 IST" name="fTest" finished-at="2024-08-30T12:06:38 IST" duration-ms="4257" status="PASS">
          <reporter-output>
          </reporter-output>
        </test-method> <!-- fTest -->
      </class> <!-- dccv.postssssTest -->
    </test> <!-- Default test -->
  </suite> <!-- Default suite -->
</testng-results>
